0 info it worked if it ends with ok
1 verbose cli [ '/usr/bin/node',
1 verbose cli   '/usr/bin/npm',
1 verbose cli   'install',
1 verbose cli   'bespoke-spotlight' ]
2 info using npm@1.3.14
3 info using node@v0.10.22
4 verbose node symlink /usr/bin/node
5 warn package.json presentaciones-con-javascript-bespoke@0.0.0 No repository field.
6 verbose readDependencies using package.json deps
7 verbose cache add [ 'bespoke-spotlight', null ]
8 verbose cache add name=undefined spec="bespoke-spotlight" args=["bespoke-spotlight",null]
9 verbose parsed url { protocol: null,
9 verbose parsed url   slashes: null,
9 verbose parsed url   auth: null,
9 verbose parsed url   host: null,
9 verbose parsed url   port: null,
9 verbose parsed url   hostname: null,
9 verbose parsed url   hash: null,
9 verbose parsed url   search: null,
9 verbose parsed url   query: null,
9 verbose parsed url   pathname: 'bespoke-spotlight',
9 verbose parsed url   path: 'bespoke-spotlight',
9 verbose parsed url   href: 'bespoke-spotlight' }
10 silly lockFile fe18e0d9-bespoke-spotlight bespoke-spotlight
11 verbose lock bespoke-spotlight /home/jaime/.npm/fe18e0d9-bespoke-spotlight.lock
12 silly lockFile fe18e0d9-bespoke-spotlight bespoke-spotlight
13 silly lockFile fe18e0d9-bespoke-spotlight bespoke-spotlight
14 verbose addNamed [ 'bespoke-spotlight', '' ]
15 verbose addNamed [ null, '*' ]
16 silly lockFile a40753ed-bespoke-spotlight bespoke-spotlight@
17 verbose lock bespoke-spotlight@ /home/jaime/.npm/a40753ed-bespoke-spotlight.lock
18 silly addNameRange { name: 'bespoke-spotlight', range: '*', hasData: false }
19 verbose url raw bespoke-spotlight
20 verbose url resolving [ 'https://registry.npmjs.org/', './bespoke-spotlight' ]
21 verbose url resolved https://registry.npmjs.org/bespoke-spotlight
22 info trying registry request attempt 1 at 21:05:20
23 http GET https://registry.npmjs.org/bespoke-spotlight
24 http 404 https://registry.npmjs.org/bespoke-spotlight
25 silly registry.get cb [ 404,
25 silly registry.get   { server: 'CouchDB/1.3.1 (Erlang OTP/R15B03)',
25 silly registry.get     date: 'Sun, 24 Nov 2013 02:05:20 GMT',
25 silly registry.get     'content-type': 'application/json',
25 silly registry.get     'content-length': '52',
25 silly registry.get     'cache-control': 'must-revalidate' } ]
26 silly lockFile a40753ed-bespoke-spotlight bespoke-spotlight@
27 silly lockFile a40753ed-bespoke-spotlight bespoke-spotlight@
28 error 404 'bespoke-spotlight' is not in the npm registry.
28 error 404 You should bug the author to publish it
28 error 404
28 error 404 Note that you can also install from a
28 error 404 tarball, folder, or http url, or git url.
29 error System Linux 3.8.0-33-generic
30 error command "/usr/bin/node" "/usr/bin/npm" "install" "bespoke-spotlight"
31 error cwd /home/jaime/medellinjs-presentaciones-con-javascript
32 error node -v v0.10.22
33 error npm -v 1.3.14
34 error code E404
35 verbose exit [ 1, true ]
